\BOOKMARK [0][-]{chapter.1}{\376\377\000O\000v\000e\000r\000v\000i\000e\000w}{}% 1
\BOOKMARK [1][-]{section.1.1}{\376\377\000M\000a\000t\000h\000e\000m\000a\000t\000i\000c\000a\000l\000\040\000b\000a\000c\000k\000g\000r\000o\000u\000n\000d}{chapter.1}% 2
\BOOKMARK [1][-]{section.1.2}{\376\377\000H\000i\000g\000h\000-\000l\000e\000v\000e\000l\000\040\000u\000n\000d\000e\000r\000s\000t\000a\000n\000d\000i\000n\000g\000\040\000o\000f\000\040\000t\000h\000i\000s\000\040\000p\000a\000c\000k\000a\000g\000e}{chapter.1}% 3
\BOOKMARK [0][-]{chapter.2}{\376\377\000B\000e\000f\000o\000r\000e\000\040\000I\000\040\000g\000o\000\040\000d\000e\000e\000p\000l\000y\000\040\000i\000n\000t\000o\000\040\000d\000e\000t\000a\000i\000l\000s}{}% 4
\BOOKMARK [1][-]{section.2.1}{\376\377\000I\000n\000t\000r\000o\000d\000u\000c\000t\000i\000o\000n}{chapter.2}% 5
\BOOKMARK [0][-]{chapter.3}{\376\377\000I\000n\000p\000u\000t\000\040\000a\000r\000g\000u\000m\000e\000n\000t\000s}{}% 6
\BOOKMARK [1][-]{section.3.1}{\376\377\000f\000i\000b\000e\000r}{chapter.3}% 7
\BOOKMARK [1][-]{section.3.2}{\376\377\000i\000n\000i\000t\000i\000a\000l\000\137\000c\000o\000n\000d\000i\000t\000i\000o\000n}{chapter.3}% 8
\BOOKMARK [1][-]{section.3.3}{\376\377\000s\000i\000m}{chapter.3}% 9
\BOOKMARK [2][-]{subsection.3.3.1}{\376\377\000M\000P\000A}{section.3.3}% 10
\BOOKMARK [2][-]{subsection.3.3.2}{\376\377\000R\000a\000n\000d\000o\000m\000\040\000l\000i\000n\000e\000a\000r\000\040\000m\000o\000d\000e\000\040\000c\000o\000u\000p\000l\000i\000n\000g}{section.3.3}% 11
\BOOKMARK [2][-]{subsection.3.3.3}{\376\377\000P\000o\000l\000a\000r\000i\000z\000a\000t\000i\000o\000n\000\040\000m\000o\000d\000e\000s}{section.3.3}% 12
\BOOKMARK [2][-]{subsection.3.3.4}{\376\377\000A\000d\000a\000p\000t\000i\000v\000e\000-\000s\000t\000e\000p\000\040\000m\000e\000t\000h\000o\000d}{section.3.3}% 13
\BOOKMARK [2][-]{subsection.3.3.5}{\376\377\000A\000l\000g\000o\000r\000i\000t\000h\000m\000\040\000t\000o\000\040\000u\000s\000e}{section.3.3}% 14
\BOOKMARK [0][-]{chapter.4}{\376\377\000O\000u\000t\000p\000u\000t\000\040\000a\000r\000g\000u\000m\000e\000n\000t\000s}{}% 15
\BOOKMARK [1][-]{section.4.1}{\376\377\000F\000o\000r\000\040\000r\000a\000t\000e\000-\000e\000q\000u\000a\000t\000i\000o\000n\000\040\000g\000a\000i\000n\000\040\000m\000o\000d\000e\000l}{chapter.4}% 16
\BOOKMARK [2][-]{subsection.4.1.1}{\376\377\000P\000o\000w\000e\000r}{section.4.1}% 17
\BOOKMARK [2][-]{subsection.4.1.2}{\376\377\000O\000t\000h\000e\000r\000s}{section.4.1}% 18
\BOOKMARK [0][-]{chapter.5}{\376\377\000P\000o\000l\000a\000r\000i\000z\000a\000t\000i\000o\000n\000\040\000m\000o\000d\000e\000s}{}% 19
\BOOKMARK [0][-]{chapter.6}{\376\377\000R\000a\000t\000e\000-\000e\000q\000u\000a\000t\000i\000o\000n\000\040\000g\000a\000i\000n\000\040\000m\000o\000d\000e\000l}{}% 20
\BOOKMARK [1][-]{section.6.1}{\376\377\000I\000n\000p\000u\000t\000\040\000a\000r\000g\000u\000m\000e\000n\000t\000s}{chapter.6}% 21
\BOOKMARK [2][-]{subsection.6.1.1}{\376\377\000g\000a\000i\000n\000\137\000r\000a\000t\000e\000\137\000e\000q\000n}{section.6.1}% 22
\BOOKMARK [2][-]{subsection.6.1.2}{\376\377\000l\000a\000m\000b\000d\000a\000\040\000a\000n\000d\000\040\000m\000o\000d\000e\000\137\000p\000r\000o\000f\000i\000l\000e\000s}{section.6.1}% 23
\BOOKMARK [1][-]{section.6.2}{\376\377\000O\000u\000t\000p\000u\000t\000\040\000a\000r\000g\000u\000m\000e\000n\000t\000s}{chapter.6}% 24
\BOOKMARK [0][-]{chapter.7}{\376\377\000l\000o\000a\000d\000\137\000d\000e\000f\000a\000u\000l\000t\000\137\000G\000M\000M\000N\000L\000S\000E\000\137\000p\000r\000o\000p\000a\000g\000a\000t\000e\000\050\000\051}{}% 25
\BOOKMARK [0][-]{chapter.8}{\376\377\000D\000i\000a\000g\000r\000a\000m\000\040\000o\000f\000\040\000t\000h\000e\000\040\000c\000a\000l\000l\000i\000n\000g\000\040\000s\000e\000q\000u\000e\000n\000c\000e}{}% 26
\BOOKMARK [0][-]{chapter.9}{\376\377\000D\000e\000c\000h\000i\000r\000p\000e\000r\000\040\000a\000n\000d\000\040\000S\000t\000r\000e\000t\000c\000h\000e\000r}{}% 27
\BOOKMARK [1][-]{section.9.1}{\376\377\000T\000r\000e\000a\000c\000y\000\040\000t\000y\000p\000e}{chapter.9}% 28
\BOOKMARK [2][-]{subsection.9.1.1}{\376\377\000R\000e\000f\000l\000e\000c\000t\000i\000v\000e\000\040\000T\000r\000e\000a\000c\000y\000\040\000t\000y\000p\000e}{section.9.1}% 29
\BOOKMARK [2][-]{subsection.9.1.2}{\376\377\000T\000r\000a\000n\000s\000m\000i\000s\000s\000i\000v\000e\000\040\000T\000r\000e\000a\000c\000y\000\040\000t\000y\000p\000e}{section.9.1}% 30
\BOOKMARK [2][-]{subsection.9.1.3}{\376\377\000G\000r\000o\000u\000p\000\040\000d\000e\000l\000a\000y\000\040\000d\000i\000s\000p\000e\000r\000s\000i\000o\000n\000\040\000o\000f\000\040\000T\000r\000e\000a\000c\000y\000\040\000d\000e\000c\000h\000i\000r\000p\000e\000r\000/\000s\000t\000r\000e\000t\000c\000h\000e\000r}{section.9.1}% 31
\BOOKMARK [1][-]{section.9.2}{\376\377\000P\000r\000i\000s\000m\000\040\000t\000y\000p\000e}{chapter.9}% 32
\BOOKMARK [2][-]{subsection.9.2.1}{\376\377\000G\000r\000o\000u\000p\000\040\000d\000e\000l\000a\000y\000\040\000d\000i\000s\000p\000e\000r\000s\000i\000o\000n\000\040\000o\000f\000\040\000p\000r\000i\000s\000m\000\040\000d\000e\000c\000h\000i\000r\000p\000e\000r\000/\000s\000t\000r\000e\000t\000c\000h\000e\000r}{section.9.2}% 33
\BOOKMARK [1][-]{section.9.3}{\376\377\000G\000r\000i\000s\000m\000\040\000t\000y\000p\000e}{chapter.9}% 34
\BOOKMARK [2][-]{subsection.9.3.1}{\376\377\000C\000o\000n\000f\000i\000g\000u\000r\000a\000t\000i\000o\000n\000\040\0001}{section.9.3}% 35
\BOOKMARK [2][-]{subsection.9.3.2}{\376\377\000C\000o\000n\000f\000i\000g\000u\000r\000a\000t\000i\000o\000n\000\040\0002}{section.9.3}% 36
\BOOKMARK [1][-]{section.9.4}{\376\377\000M\000a\000r\000t\000i\000n\000e\000z\000\040\000t\000y\000p\000e}{chapter.9}% 37
\BOOKMARK [1][-]{section.9.5}{\376\377\000O\000f\000f\000n\000e\000r\000\040\000t\000y\000p\000e}{chapter.9}% 38
\BOOKMARK [2][-]{subsection.9.5.1}{\376\377\000T\000r\000a\000n\000s\000m\000i\000s\000s\000i\000v\000e\000\040\000s\000i\000n\000g\000l\000e\000-\000g\000r\000a\000t\000i\000n\000g\000\040\000O\000f\000f\000n\000e\000r\000\040\000t\000y\000p\000e}{section.9.5}% 39
\BOOKMARK [2][-]{subsection.9.5.2}{\376\377\000R\000e\000f\000l\000e\000c\000t\000i\000v\000e\000\040\000s\000i\000n\000g\000l\000e\000-\000g\000r\000a\000t\000i\000n\000g\000\040\000O\000f\000f\000n\000e\000r\000\040\000t\000y\000p\000e}{section.9.5}% 40
\BOOKMARK [2][-]{subsection.9.5.3}{\376\377\000A\000b\000e\000r\000r\000a\000t\000i\000o\000n\000-\000f\000r\000e\000e\000\040\000t\000r\000a\000n\000s\000m\000i\000s\000s\000i\000v\000e\000\040\000O\000f\000f\000n\000e\000r\000\040\000t\000y\000p\000e}{section.9.5}% 41
